{"D:\\Tavisca\\my-project\\packages\\coach-mark\\src\\index.ts": {"path":"D:\\Tavisca\\my-project\\packages\\coach-mark\\src\\index.ts","statementMap":{},"fnMap":{},"branchMap":{},"s":{},"f":{},"b":{},"_coverageSchema":"1a1c01bbd47fc00a2c39e90264f33305004495a9","hash":"6c9ad11e4531e106f0f9b20962ce12aaf43c4eea"}
,"D:\\Tavisca\\my-project\\packages\\coach-mark\\src\\orxe-coach-mark.ts": {"path":"D:\\Tavisca\\my-project\\packages\\coach-mark\\src\\orxe-coach-mark.ts","statementMap":{"0":{"start":{"line":13,"column":8},"end":{"line":13,"column":51}},"1":{"start":{"line":16,"column":4},"end":{"line":16,"column":18}},"2":{"start":{"line":21,"column":4},"end":{"line":30,"column":6}},"3":{"start":{"line":36,"column":18},"end":{"line":36,"column":24}}},"fnMap":{"0":{"name":"(anonymous_0)","decl":{"start":{"line":15,"column":2},"end":{"line":15,"column":3}},"loc":{"start":{"line":15,"column":12},"end":{"line":17,"column":3}},"line":15},"1":{"name":"(anonymous_1)","decl":{"start":{"line":19,"column":2},"end":{"line":19,"column":3}},"loc":{"start":{"line":20,"column":11},"end":{"line":31,"column":3}},"line":20}},"branchMap":{},"s":{"0":2,"1":1,"2":2,"3":2},"f":{"0":1,"1":2},"b":{},"_coverageSchema":"1a1c01bbd47fc00a2c39e90264f33305004495a9","hash":"2699757716cdee61455be5453f722f078b870f95"}
}
